2026-02-13 10:26:08,407 - INFO - ==================== 开始训练 ====================
2026-02-13 10:26:12,998 - INFO - Epoch 1 完成 | Avg Loss: 1.486982
2026-02-13 10:26:12,998 - INFO - 正在进行第 1 轮验证...
2026-02-13 10:27:29,258 - INFO - ==================== 开始训练 ====================
2026-02-13 10:27:34,013 - INFO - Epoch 1 完成 | Avg Loss: 1.487935
2026-02-13 10:27:34,013 - INFO - 正在进行第 1 轮验证...
2026-02-13 10:28:49,760 - INFO - ==============================
2026-02-13 10:28:49,760 - INFO - Evaluation Results:
2026-02-13 10:28:49,760 - INFO - AUC:      0.5949
2026-02-13 10:28:49,760 - INFO - nDCG@5:   0.2872
2026-02-13 10:28:49,760 - INFO - nDCG@10:  0.3507
2026-02-13 10:28:49,760 - INFO - ==============================
2026-02-13 10:28:49,914 - INFO - 找到更优模型 (AUC: 0.5949, NDCG5: 0.2871506655324342, NDCG10: 0.3506678462956159), 已保存至: /home/ming/news_rec/Data/ckpt/nrms.pth
2026-02-13 10:28:54,365 - INFO - Epoch 2 完成 | Avg Loss: 1.416555
2026-02-13 10:28:58,771 - INFO - Epoch 3 完成 | Avg Loss: 1.391911
2026-02-13 10:29:03,185 - INFO - Epoch 4 完成 | Avg Loss: 1.383171
2026-02-13 10:29:07,613 - INFO - Epoch 5 完成 | Avg Loss: 1.370381
2026-02-13 10:29:11,964 - INFO - Epoch 6 完成 | Avg Loss: 1.361267
2026-02-13 10:29:16,395 - INFO - Epoch 7 完成 | Avg Loss: 1.355011
2026-02-13 10:29:20,813 - INFO - Epoch 8 完成 | Avg Loss: 1.349424
2026-02-13 10:29:25,244 - INFO - Epoch 9 完成 | Avg Loss: 1.342940
2026-02-13 10:29:29,710 - INFO - Epoch 10 完成 | Avg Loss: 1.335427
2026-02-13 10:29:34,257 - INFO - Epoch 11 完成 | Avg Loss: 1.329765
2026-02-13 10:29:38,731 - INFO - Epoch 12 完成 | Avg Loss: 1.324086
2026-02-13 10:29:43,261 - INFO - Epoch 13 完成 | Avg Loss: 1.316347
2026-02-13 10:29:47,767 - INFO - Epoch 14 完成 | Avg Loss: 1.311731
2026-02-13 10:29:52,380 - INFO - Epoch 15 完成 | Avg Loss: 1.303117
2026-02-13 10:29:56,915 - INFO - Epoch 16 完成 | Avg Loss: 1.298178
2026-02-13 10:30:01,570 - INFO - Epoch 17 完成 | Avg Loss: 1.293763
2026-02-13 10:30:06,175 - INFO - Epoch 18 完成 | Avg Loss: 1.286031
2026-02-13 10:30:10,729 - INFO - Epoch 19 完成 | Avg Loss: 1.277610
2026-02-13 10:30:15,211 - INFO - Epoch 20 完成 | Avg Loss: 1.272468
2026-02-13 10:30:15,211 - INFO - 正在进行第 20 轮验证...
2026-02-13 10:31:34,195 - INFO - ==============================
2026-02-13 10:31:34,196 - INFO - Evaluation Results:
2026-02-13 10:31:34,196 - INFO - AUC:      0.6330
2026-02-13 10:31:34,196 - INFO - nDCG@5:   0.3232
2026-02-13 10:31:34,196 - INFO - nDCG@10:  0.3868
2026-02-13 10:31:34,196 - INFO - ==============================
2026-02-13 10:31:34,349 - INFO - 找到更优模型 (AUC: 0.6330, NDCG5: 0.3232028790305948, NDCG10: 0.38675855626152505), 已保存至: /home/ming/news_rec/Data/ckpt/nrms.pth
2026-02-13 10:31:39,151 - INFO - Epoch 21 完成 | Avg Loss: 1.261946
2026-02-13 10:31:43,853 - INFO - Epoch 22 完成 | Avg Loss: 1.256243
2026-02-13 10:31:48,498 - INFO - Epoch 23 完成 | Avg Loss: 1.248239
2026-02-13 10:31:52,977 - INFO - Epoch 24 完成 | Avg Loss: 1.239913
2026-02-13 10:31:57,503 - INFO - Epoch 25 完成 | Avg Loss: 1.231734
2026-02-13 10:32:01,980 - INFO - Epoch 26 完成 | Avg Loss: 1.222186
2026-02-13 10:32:06,426 - INFO - Epoch 27 完成 | Avg Loss: 1.214471
2026-02-13 10:32:10,814 - INFO - Epoch 28 完成 | Avg Loss: 1.207159
2026-02-13 10:32:15,249 - INFO - Epoch 29 完成 | Avg Loss: 1.198994
2026-02-13 10:32:19,735 - INFO - Epoch 30 完成 | Avg Loss: 1.192680
2026-02-13 10:32:24,199 - INFO - Epoch 31 完成 | Avg Loss: 1.180687
2026-02-13 10:32:29,849 - INFO - Epoch 32 完成 | Avg Loss: 1.174217
2026-02-13 10:32:34,539 - INFO - Epoch 33 完成 | Avg Loss: 1.166214
2026-02-13 10:32:39,075 - INFO - Epoch 34 完成 | Avg Loss: 1.158828
2026-02-13 10:32:43,690 - INFO - Epoch 35 完成 | Avg Loss: 1.149966
2026-02-13 10:32:48,252 - INFO - Epoch 36 完成 | Avg Loss: 1.143583
2026-02-13 10:32:52,717 - INFO - Epoch 37 完成 | Avg Loss: 1.133942
2026-02-13 10:32:57,313 - INFO - Epoch 38 完成 | Avg Loss: 1.127227
2026-02-13 10:33:01,770 - INFO - Epoch 39 完成 | Avg Loss: 1.119298
2026-02-13 10:33:06,297 - INFO - Epoch 40 完成 | Avg Loss: 1.114250
2026-02-13 10:33:06,297 - INFO - 正在进行第 40 轮验证...
2026-02-13 10:34:28,184 - INFO - ==============================
2026-02-13 10:34:28,184 - INFO - Evaluation Results:
2026-02-13 10:34:28,184 - INFO - AUC:      0.6227
2026-02-13 10:34:28,184 - INFO - nDCG@5:   0.3148
2026-02-13 10:34:28,184 - INFO - nDCG@10:  0.3783
2026-02-13 10:34:28,184 - INFO - ==============================
2026-02-13 10:34:32,744 - INFO - Epoch 41 完成 | Avg Loss: 1.104542
2026-02-13 10:34:37,421 - INFO - Epoch 42 完成 | Avg Loss: 1.098267
2026-02-13 10:34:41,865 - INFO - Epoch 43 完成 | Avg Loss: 1.092154
2026-02-13 10:34:46,333 - INFO - Epoch 44 完成 | Avg Loss: 1.084966
2026-02-13 10:34:50,886 - INFO - Epoch 45 完成 | Avg Loss: 1.078967
2026-02-13 10:34:55,553 - INFO - Epoch 46 完成 | Avg Loss: 1.074183
2026-02-13 10:35:00,039 - INFO - Epoch 47 完成 | Avg Loss: 1.065379
2026-02-13 10:35:04,578 - INFO - Epoch 48 完成 | Avg Loss: 1.062866
2026-02-13 10:35:09,167 - INFO - Epoch 49 完成 | Avg Loss: 1.053874
2026-02-13 10:35:13,734 - INFO - Epoch 50 完成 | Avg Loss: 1.049327
2026-02-13 10:35:18,262 - INFO - Epoch 51 完成 | Avg Loss: 1.042587
2026-02-13 10:35:23,629 - INFO - Epoch 52 完成 | Avg Loss: 1.036112
2026-02-13 10:35:28,208 - INFO - Epoch 53 完成 | Avg Loss: 1.031397
2026-02-13 10:35:32,727 - INFO - Epoch 54 完成 | Avg Loss: 1.024798
2026-02-13 10:35:37,953 - INFO - Epoch 55 完成 | Avg Loss: 1.016905
2026-02-13 10:35:42,559 - INFO - Epoch 56 完成 | Avg Loss: 1.016728
2026-02-13 10:35:47,049 - INFO - Epoch 57 完成 | Avg Loss: 1.010121
2026-02-13 10:35:51,497 - INFO - Epoch 58 完成 | Avg Loss: 1.003823
2026-02-13 10:35:56,037 - INFO - Epoch 59 完成 | Avg Loss: 1.000453
2026-02-13 10:36:00,697 - INFO - Epoch 60 完成 | Avg Loss: 0.993144
2026-02-13 10:36:00,697 - INFO - 正在进行第 60 轮验证...
2026-02-13 10:37:17,762 - INFO - ==============================
2026-02-13 10:37:17,762 - INFO - Evaluation Results:
2026-02-13 10:37:17,763 - INFO - AUC:      0.6124
2026-02-13 10:37:17,763 - INFO - nDCG@5:   0.3040
2026-02-13 10:37:17,763 - INFO - nDCG@10:  0.3687
2026-02-13 10:37:17,763 - INFO - ==============================
2026-02-13 10:37:22,310 - INFO - Epoch 61 完成 | Avg Loss: 0.989061
2026-02-13 10:37:26,883 - INFO - Epoch 62 完成 | Avg Loss: 0.985025
2026-02-13 10:37:31,384 - INFO - Epoch 63 完成 | Avg Loss: 0.977644
2026-02-13 10:37:35,942 - INFO - Epoch 64 完成 | Avg Loss: 0.975423
2026-02-13 10:37:40,542 - INFO - Epoch 65 完成 | Avg Loss: 0.973556
2026-02-13 10:37:45,127 - INFO - Epoch 66 完成 | Avg Loss: 0.967878
2026-02-13 10:37:49,569 - INFO - Epoch 67 完成 | Avg Loss: 0.962540
2026-02-13 10:37:54,091 - INFO - Epoch 68 完成 | Avg Loss: 0.958450
2026-02-13 10:37:58,482 - INFO - Epoch 69 完成 | Avg Loss: 0.952111
2026-02-13 10:38:02,953 - INFO - Epoch 70 完成 | Avg Loss: 0.950631
2026-02-13 10:38:07,506 - INFO - Epoch 71 完成 | Avg Loss: 0.946637
2026-02-13 10:38:11,984 - INFO - Epoch 72 完成 | Avg Loss: 0.940962
2026-02-13 10:38:16,431 - INFO - Epoch 73 完成 | Avg Loss: 0.939963
2026-02-13 10:38:21,184 - INFO - Epoch 74 完成 | Avg Loss: 0.934517
2026-02-13 10:38:26,481 - INFO - Epoch 75 完成 | Avg Loss: 0.930202
2026-02-13 10:38:31,097 - INFO - Epoch 76 完成 | Avg Loss: 0.928809
2026-02-13 10:38:35,728 - INFO - Epoch 77 完成 | Avg Loss: 0.924553
2026-02-13 10:38:40,287 - INFO - Epoch 78 完成 | Avg Loss: 0.919315
2026-02-13 10:38:44,912 - INFO - Epoch 79 完成 | Avg Loss: 0.915552
2026-02-13 10:38:49,412 - INFO - Epoch 80 完成 | Avg Loss: 0.917632
2026-02-13 10:38:49,413 - INFO - 正在进行第 80 轮验证...
2026-02-13 10:40:05,773 - INFO - ==============================
2026-02-13 10:40:05,773 - INFO - Evaluation Results:
2026-02-13 10:40:05,773 - INFO - AUC:      0.6050
2026-02-13 10:40:05,773 - INFO - nDCG@5:   0.2967
2026-02-13 10:40:05,773 - INFO - nDCG@10:  0.3619
2026-02-13 10:40:05,773 - INFO - ==============================
2026-02-13 10:40:10,215 - INFO - Epoch 81 完成 | Avg Loss: 0.911211
2026-02-13 10:40:14,627 - INFO - Epoch 82 完成 | Avg Loss: 0.907175
2026-02-13 10:40:19,021 - INFO - Epoch 83 完成 | Avg Loss: 0.903598
2026-02-13 10:40:23,484 - INFO - Epoch 84 完成 | Avg Loss: 0.897077
2026-02-13 10:40:27,912 - INFO - Epoch 85 完成 | Avg Loss: 0.895341
2026-02-13 10:40:32,361 - INFO - Epoch 86 完成 | Avg Loss: 0.891037
2026-02-13 10:40:36,819 - INFO - Epoch 87 完成 | Avg Loss: 0.892361
2026-02-13 10:40:41,340 - INFO - Epoch 88 完成 | Avg Loss: 0.887511
2026-02-13 10:40:45,793 - INFO - Epoch 89 完成 | Avg Loss: 0.883285
2026-02-13 10:40:50,230 - INFO - Epoch 90 完成 | Avg Loss: 0.879504
2026-02-13 10:40:54,688 - INFO - Epoch 91 完成 | Avg Loss: 0.876760
2026-02-13 10:40:59,158 - INFO - Epoch 92 完成 | Avg Loss: 0.874296
2026-02-13 10:41:04,196 - INFO - Epoch 93 完成 | Avg Loss: 0.873929
2026-02-13 10:41:08,870 - INFO - Epoch 94 完成 | Avg Loss: 0.869916
2026-02-13 10:41:13,504 - INFO - Epoch 95 完成 | Avg Loss: 0.868503
2026-02-13 10:41:18,505 - INFO - Epoch 96 完成 | Avg Loss: 0.861776
2026-02-13 10:41:23,151 - INFO - Epoch 97 完成 | Avg Loss: 0.858430
2026-02-13 10:41:27,674 - INFO - Epoch 98 完成 | Avg Loss: 0.858188
2026-02-13 10:41:32,242 - INFO - Epoch 99 完成 | Avg Loss: 0.855674
2026-02-13 10:41:36,796 - INFO - Epoch 100 完成 | Avg Loss: 0.852874
2026-02-13 10:41:36,796 - INFO - 正在进行第 100 轮验证...
2026-02-13 10:42:54,306 - INFO - ==============================
2026-02-13 10:42:54,306 - INFO - Evaluation Results:
2026-02-13 10:42:54,306 - INFO - AUC:      0.6043
2026-02-13 10:42:54,306 - INFO - nDCG@5:   0.2958
2026-02-13 10:42:54,306 - INFO - nDCG@10:  0.3603
2026-02-13 10:42:54,306 - INFO - ==============================
2026-02-13 12:33:20,148 - INFO - ==================== 开始训练 ====================
2026-02-13 12:33:24,556 - INFO - Epoch 1 完成 | Avg Loss: 1.489938
2026-02-13 12:33:24,557 - INFO - 正在进行第 1 轮验证...
2026-02-13 12:34:40,404 - INFO - ==============================
2026-02-13 12:34:40,404 - INFO - Evaluation Results:
2026-02-13 12:34:40,404 - INFO - AUC:      0.6083
2026-02-13 12:34:40,404 - INFO - nDCG@5:   0.2974
2026-02-13 12:34:40,404 - INFO - nDCG@10:  0.3616
2026-02-13 12:34:40,404 - INFO - ==============================
2026-02-13 12:34:40,557 - INFO - 找到更优模型 (AUC: 0.6083, NDCG5: 0.2973924491600128, NDCG10: 0.3616036290760386), 已保存至: /home/ming/news_rec/Data/ckpt/nrms.pth
2026-02-13 12:34:44,867 - INFO - Epoch 2 完成 | Avg Loss: 1.417333
2026-02-13 12:34:49,101 - INFO - Epoch 3 完成 | Avg Loss: 1.395835
2026-02-13 12:34:53,362 - INFO - Epoch 4 完成 | Avg Loss: 1.387807
2026-02-13 12:34:57,595 - INFO - Epoch 5 完成 | Avg Loss: 1.375486
2026-02-13 12:35:01,926 - INFO - Epoch 6 完成 | Avg Loss: 1.366105
2026-02-13 12:35:06,235 - INFO - Epoch 7 完成 | Avg Loss: 1.360230
2026-02-13 12:35:10,517 - INFO - Epoch 8 完成 | Avg Loss: 1.353787
2026-02-13 12:35:14,830 - INFO - Epoch 9 完成 | Avg Loss: 1.347159
2026-02-13 12:35:19,115 - INFO - Epoch 10 完成 | Avg Loss: 1.341635
2026-02-13 12:35:23,376 - INFO - Epoch 11 完成 | Avg Loss: 1.334081
2026-02-13 12:35:27,689 - INFO - Epoch 12 完成 | Avg Loss: 1.328762
2026-02-13 12:35:31,943 - INFO - Epoch 13 完成 | Avg Loss: 1.321286
2026-02-13 12:35:36,238 - INFO - Epoch 14 完成 | Avg Loss: 1.315856
2026-02-13 12:35:40,529 - INFO - Epoch 15 完成 | Avg Loss: 1.310621
2026-02-13 12:35:44,827 - INFO - Epoch 16 完成 | Avg Loss: 1.304996
2026-02-13 12:35:49,099 - INFO - Epoch 17 完成 | Avg Loss: 1.298601
2026-02-13 12:35:53,395 - INFO - Epoch 18 完成 | Avg Loss: 1.291043
2026-02-13 12:35:57,650 - INFO - Epoch 19 完成 | Avg Loss: 1.283569
2026-02-13 12:36:01,952 - INFO - Epoch 20 完成 | Avg Loss: 1.280556
2026-02-13 12:36:01,952 - INFO - 正在进行第 20 轮验证...
2026-02-13 12:37:17,846 - INFO - ==============================
2026-02-13 12:37:17,846 - INFO - Evaluation Results:
2026-02-13 12:37:17,847 - INFO - AUC:      0.6435
2026-02-13 12:37:17,847 - INFO - nDCG@5:   0.3311
2026-02-13 12:37:17,847 - INFO - nDCG@10:  0.3957
2026-02-13 12:37:17,847 - INFO - ==============================
2026-02-13 12:37:18,000 - INFO - 找到更优模型 (AUC: 0.6435, NDCG5: 0.3310807844935994, NDCG10: 0.39569200355843137), 已保存至: /home/ming/news_rec/Data/ckpt/nrms.pth
2026-02-13 12:37:22,317 - INFO - Epoch 21 完成 | Avg Loss: 1.271350
2026-02-13 12:37:26,613 - INFO - Epoch 22 完成 | Avg Loss: 1.263249
2026-02-13 12:37:30,919 - INFO - Epoch 23 完成 | Avg Loss: 1.256522
2026-02-13 12:37:35,272 - INFO - Epoch 24 完成 | Avg Loss: 1.247207
2026-02-13 12:37:39,569 - INFO - Epoch 25 完成 | Avg Loss: 1.237898
2026-02-13 12:37:43,900 - INFO - Epoch 26 完成 | Avg Loss: 1.232179
2026-02-13 12:37:48,206 - INFO - Epoch 27 完成 | Avg Loss: 1.223659
2026-02-13 12:37:52,506 - INFO - Epoch 28 完成 | Avg Loss: 1.212051
2026-02-13 12:37:56,805 - INFO - Epoch 29 完成 | Avg Loss: 1.204388
2026-02-13 12:38:01,167 - INFO - Epoch 30 完成 | Avg Loss: 1.197459
2026-02-13 12:38:05,440 - INFO - Epoch 31 完成 | Avg Loss: 1.188290
2026-02-13 12:38:09,721 - INFO - Epoch 32 完成 | Avg Loss: 1.182508
2026-02-13 12:38:14,007 - INFO - Epoch 33 完成 | Avg Loss: 1.173717
2026-02-13 12:38:18,265 - INFO - Epoch 34 完成 | Avg Loss: 1.166479
2026-02-13 12:38:22,700 - INFO - Epoch 35 完成 | Avg Loss: 1.156795
2026-02-13 12:38:26,983 - INFO - Epoch 36 完成 | Avg Loss: 1.149429
2026-02-13 12:38:31,347 - INFO - Epoch 37 完成 | Avg Loss: 1.142413
2026-02-13 12:38:35,670 - INFO - Epoch 38 完成 | Avg Loss: 1.134324
2026-02-13 12:38:40,015 - INFO - Epoch 39 完成 | Avg Loss: 1.125704
2026-02-13 12:38:44,289 - INFO - Epoch 40 完成 | Avg Loss: 1.117796
2026-02-13 12:38:44,289 - INFO - 正在进行第 40 轮验证...
2026-02-13 12:40:00,141 - INFO - ==============================
2026-02-13 12:40:00,141 - INFO - Evaluation Results:
2026-02-13 12:40:00,141 - INFO - AUC:      0.6119
2026-02-13 12:40:00,141 - INFO - nDCG@5:   0.3043
2026-02-13 12:40:00,141 - INFO - nDCG@10:  0.3699
2026-02-13 12:40:00,141 - INFO - ==============================
2026-02-13 12:40:04,487 - INFO - Epoch 41 完成 | Avg Loss: 1.113384
2026-02-13 12:40:08,717 - INFO - Epoch 42 完成 | Avg Loss: 1.106017
2026-02-13 12:40:12,974 - INFO - Epoch 43 完成 | Avg Loss: 1.097617
2026-02-13 12:40:17,263 - INFO - Epoch 44 完成 | Avg Loss: 1.089556
2026-02-13 12:40:21,582 - INFO - Epoch 45 完成 | Avg Loss: 1.086920
2026-02-13 12:40:25,926 - INFO - Epoch 46 完成 | Avg Loss: 1.076403
2026-02-13 12:40:30,204 - INFO - Epoch 47 完成 | Avg Loss: 1.070339
2026-02-13 12:40:34,520 - INFO - Epoch 48 完成 | Avg Loss: 1.066322
2026-02-13 12:40:38,886 - INFO - Epoch 49 完成 | Avg Loss: 1.057138
2026-02-13 12:40:43,316 - INFO - Epoch 50 完成 | Avg Loss: 1.052216
2026-02-13 12:40:47,688 - INFO - Epoch 51 完成 | Avg Loss: 1.047040
2026-02-13 12:40:54,108 - INFO - Epoch 52 完成 | Avg Loss: 1.037830
2026-02-13 12:40:59,161 - INFO - Epoch 53 完成 | Avg Loss: 1.036822
2026-02-13 12:41:03,729 - INFO - Epoch 54 完成 | Avg Loss: 1.030064
2026-02-13 12:41:10,934 - INFO - Epoch 55 完成 | Avg Loss: 1.028359
2026-02-13 12:41:16,031 - INFO - Epoch 56 完成 | Avg Loss: 1.017096
2026-02-13 12:41:20,381 - INFO - Epoch 57 完成 | Avg Loss: 1.014374
2026-02-13 12:41:24,869 - INFO - Epoch 58 完成 | Avg Loss: 1.007213
2026-02-13 12:41:29,261 - INFO - Epoch 59 完成 | Avg Loss: 1.002718
2026-02-13 12:41:33,638 - INFO - Epoch 60 完成 | Avg Loss: 0.997752
2026-02-13 12:41:33,638 - INFO - 正在进行第 60 轮验证...
2026-02-13 12:42:49,501 - INFO - ==============================
2026-02-13 12:42:49,501 - INFO - Evaluation Results:
2026-02-13 12:42:49,501 - INFO - AUC:      0.6135
2026-02-13 12:42:49,501 - INFO - nDCG@5:   0.3007
2026-02-13 12:42:49,501 - INFO - nDCG@10:  0.3666
2026-02-13 12:42:49,501 - INFO - ==============================
2026-02-13 12:42:53,786 - INFO - Epoch 61 完成 | Avg Loss: 0.994326
2026-02-13 12:42:58,044 - INFO - Epoch 62 完成 | Avg Loss: 0.987195
2026-02-13 12:43:02,356 - INFO - Epoch 63 完成 | Avg Loss: 0.982604
2026-02-13 12:43:06,671 - INFO - Epoch 64 完成 | Avg Loss: 0.978915
2026-02-13 12:43:10,966 - INFO - Epoch 65 完成 | Avg Loss: 0.975555
2026-02-13 12:43:15,226 - INFO - Epoch 66 完成 | Avg Loss: 0.972643
2026-02-13 12:43:19,565 - INFO - Epoch 67 完成 | Avg Loss: 0.964282
2026-02-13 12:43:23,805 - INFO - Epoch 68 完成 | Avg Loss: 0.961964
2026-02-13 12:43:28,059 - INFO - Epoch 69 完成 | Avg Loss: 0.955035
2026-02-13 12:43:32,408 - INFO - Epoch 70 完成 | Avg Loss: 0.952757
2026-02-13 12:43:36,696 - INFO - Epoch 71 完成 | Avg Loss: 0.947943
2026-02-13 12:43:41,008 - INFO - Epoch 72 完成 | Avg Loss: 0.946239
2026-02-13 12:43:45,412 - INFO - Epoch 73 完成 | Avg Loss: 0.943800
2026-02-13 12:43:49,798 - INFO - Epoch 74 完成 | Avg Loss: 0.939888
2026-02-13 12:43:54,355 - INFO - Epoch 75 完成 | Avg Loss: 0.935661
2026-02-13 12:43:58,769 - INFO - Epoch 76 完成 | Avg Loss: 0.932844
2026-02-13 12:44:03,209 - INFO - Epoch 77 完成 | Avg Loss: 0.925783
2026-02-13 12:44:07,568 - INFO - Epoch 78 完成 | Avg Loss: 0.926358
2026-02-13 12:44:11,923 - INFO - Epoch 79 完成 | Avg Loss: 0.920024
2026-02-13 12:44:16,257 - INFO - Epoch 80 完成 | Avg Loss: 0.918397
2026-02-13 12:44:16,257 - INFO - 正在进行第 80 轮验证...
2026-02-13 12:45:32,293 - INFO - ==============================
2026-02-13 12:45:32,293 - INFO - Evaluation Results:
2026-02-13 12:45:32,293 - INFO - AUC:      0.6006
2026-02-13 12:45:32,293 - INFO - nDCG@5:   0.2905
2026-02-13 12:45:32,293 - INFO - nDCG@10:  0.3562
2026-02-13 12:45:32,293 - INFO - ==============================
2026-02-13 12:45:36,628 - INFO - Epoch 81 完成 | Avg Loss: 0.913961
2026-02-13 12:45:40,982 - INFO - Epoch 82 完成 | Avg Loss: 0.910572
2026-02-13 12:45:45,316 - INFO - Epoch 83 完成 | Avg Loss: 0.907353
2026-02-13 12:45:49,647 - INFO - Epoch 84 完成 | Avg Loss: 0.904227
2026-02-13 12:45:53,984 - INFO - Epoch 85 完成 | Avg Loss: 0.901845
2026-02-13 12:45:58,311 - INFO - Epoch 86 完成 | Avg Loss: 0.897734
2026-02-13 12:46:02,639 - INFO - Epoch 87 完成 | Avg Loss: 0.894746
2026-02-13 12:46:06,907 - INFO - Epoch 88 完成 | Avg Loss: 0.894020
2026-02-13 12:46:11,243 - INFO - Epoch 89 完成 | Avg Loss: 0.888119
2026-02-13 12:46:15,552 - INFO - Epoch 90 完成 | Avg Loss: 0.888248
2026-02-13 12:46:19,871 - INFO - Epoch 91 完成 | Avg Loss: 0.881530
2026-02-13 12:46:24,145 - INFO - Epoch 92 完成 | Avg Loss: 0.880102
2026-02-13 12:46:28,406 - INFO - Epoch 93 完成 | Avg Loss: 0.876342
2026-02-13 12:46:32,699 - INFO - Epoch 94 完成 | Avg Loss: 0.875797
2026-02-13 12:46:36,966 - INFO - Epoch 95 完成 | Avg Loss: 0.870415
2026-02-13 12:46:41,278 - INFO - Epoch 96 完成 | Avg Loss: 0.868383
2026-02-13 12:46:45,656 - INFO - Epoch 97 完成 | Avg Loss: 0.866429
2026-02-13 12:46:49,963 - INFO - Epoch 98 完成 | Avg Loss: 0.865452
2026-02-13 12:46:54,232 - INFO - Epoch 99 完成 | Avg Loss: 0.860546
2026-02-13 12:46:58,538 - INFO - Epoch 100 完成 | Avg Loss: 0.858513
2026-02-13 12:46:58,538 - INFO - 正在进行第 100 轮验证...
2026-02-13 12:48:14,413 - INFO - ==============================
2026-02-13 12:48:14,413 - INFO - Evaluation Results:
2026-02-13 12:48:14,413 - INFO - AUC:      0.6028
2026-02-13 12:48:14,413 - INFO - nDCG@5:   0.2960
2026-02-13 12:48:14,413 - INFO - nDCG@10:  0.3603
2026-02-13 12:48:14,413 - INFO - ==============================
